<?xml version="1.0" encoding="UTF-8"?>
<!-- Generated by org.testng.reporters.JUnitReportReporter -->
<testsuite hostname="DESKTOP-ASV0EV8" failures="0" tests="1" name="com.crm.SeleniumProject_Maven.Script.TC_02_CreateOrganizationTest" time="20.397" errors="0" timestamp="2021-09-22T21:58:30 IST" skipped="0">
  <testcase classname="com.crm.SeleniumProject_Maven.Script.TC_02_CreateOrganizationTest" name="CreateOrganization" time="20.397"/>
  <system-out/>
</testsuite> <!-- com.crm.SeleniumProject_Maven.Script.TC_02_CreateOrganizationTest -->
