<?xml version="1.0" encoding="UTF-8"?>
<!-- Generated by org.testng.reporters.JUnitReportReporter -->
<testsuite hostname="DESKTOP-ASV0EV8" failures="0" tests="1" name="com.crm.SeleniumProject_Maven.Script.TC_03_CreateOrganizationTest" time="22.429" errors="0" timestamp="2021-09-22T22:03:55 IST" skipped="0">
  <testcase classname="com.crm.SeleniumProject_Maven.Script.TC_03_CreateOrganizationTest" name="CreateOrganization" time="22.429"/>
  <system-out/>
</testsuite> <!-- com.crm.SeleniumProject_Maven.Script.TC_03_CreateOrganizationTest -->
