<?xml version="1.0" encoding="UTF-8"?>
<!-- Generated by org.testng.reporters.JUnitReportReporter -->
<testsuite hostname="DESKTOP-ASV0EV8" failures="0" tests="2" name="com.crm.SeleniumProject_Maven.Script.TC_01_CreateOrganizationTest" time="35.160" errors="0" timestamp="2021-09-22T21:57:34 IST" skipped="0">
  <testcase classname="com.crm.SeleniumProject_Maven.Script.TC_01_CreateOrganizationTest" name="CreateOrgInd" time="13.632"/>
  <system-out/>
  <testcase classname="com.crm.SeleniumProject_Maven.Script.TC_01_CreateOrganizationTest" name="CreateOrganization" time="21.528"/>
  <system-out/>
</testsuite> <!-- com.crm.SeleniumProject_Maven.Script.TC_01_CreateOrganizationTest -->
